[2026-03-26 18:17:14:814] [info] [server]: [server] Blockchain transaction queue initialized
[2026-03-26 18:17:14:820] [error] [server]: Invoice Sync Worker failed to start: logger is not defined
[2026-03-26 18:17:14:821] [info] [server]: Transaction Recovery Worker started
[2026-03-26 18:17:14:828] [error] [server]: [server] Compliance listeners failed:
[2026-03-26 18:17:14:829] [error] [server]: [server] Reconciliation scheduler failed:
[2026-03-26 18:17:14:834] [info] [server]: 🚀 Server running on port 3000
[2026-03-26 18:17:17:260] [info] [server]: Database connection test completed successfully
[2026-03-26 18:17:45:123] [info] [recoveryService]: Processing 0 operations from recovery queue
[2026-03-26 18:18:15:076] [info] [recoveryService]: Processing 0 operations from recovery queue
[2026-03-26 18:18:45:072] [info] [recoveryService]: Processing 0 operations from recovery queue
[2026-03-26 18:19:15:087] [info] [recoveryService]: Processing 0 operations from recovery queue
[2026-03-26 18:19:45:089] [info] [recoveryService]: Processing 0 operations from recovery queue
[2026-03-26 18:20:15:102] [info] [recoveryService]: Processing 0 operations from recovery queue
[2026-03-26 18:20:45:105] [info] [recoveryService]: Processing 0 operations from recovery queue
[2026-03-26 18:21:15:111] [info] [recoveryService]: Processing 0 operations from recovery queue
[2026-03-26 18:21:45:115] [info] [recoveryService]: Processing 0 operations from recovery queue
[2026-03-26 18:22:14:442] [error] [server]: Uncaught Exception: Cannot read properties of undefined (reading 'entries')
[2026-03-26 18:23:50:146] [info] [server]: [server] Blockchain transaction queue initialized
[2026-03-26 18:23:50:152] [error] [server]: Invoice Sync Worker failed to start: logger is not defined
[2026-03-26 18:23:50:153] [info] [server]: Transaction Recovery Worker started
[2026-03-26 18:23:50:160] [error] [server]: [server] Compliance listeners failed:
[2026-03-26 18:23:50:161] [error] [server]: [server] Reconciliation scheduler failed:
[2026-03-26 18:23:50:167] [info] [server]: 🚀 Server running on port 3000
[2026-03-26 18:23:51:976] [info] [server]: Database connection test completed successfully
[2026-03-26 18:24:20:456] [info] [recoveryService]: Processing 0 operations from recovery queue
[2026-03-26 18:24:50:435] [info] [recoveryService]: Processing 0 operations from recovery queue
[2026-03-26 18:25:20:597] [info] [recoveryService]: Processing 0 operations from recovery queue
[2026-03-26 18:25:42:086] [error] [server]: Tokenization listener failed: exceeded maximum retry limit (request={  }, response={  }, error=null, info={ "requestUrl": "https://polygon-amoy.g.alchemy.com/v2/o1lr0Pt07dct7AF2TUNsd", "responseBody": "[{\"jsonrpc\":\"2.0\",\"id\":1,\"error\":{\"code\":429,\"message\":\"Monthly capacity limit exceeded. Visit https://dashboard.alchemy.com/settings/billing to upgrade your scaling policy for continued service.\"}},{\"jsonrpc\":\"2.0\",\"id\":2,\"error\":{\"code\":429,\"message\":\"Monthly capacity limit exceeded. Visit https://dashboard.alchemy.com/settings/billing to upgrade your scaling policy for continued service.\"}}]", "responseStatus": "599 CLIENT ESCALATED SERVER ERROR (429 Too Many Requests; exceeded maximum retry limit)" }, code=SERVER_ERROR, version=6.15.0)
[2026-03-26 18:25:50:439] [info] [recoveryService]: Processing 0 operations from recovery queue
[2026-03-26 18:30:20:025] [info] [server]: [server] Blockchain transaction queue initialized
[2026-03-26 18:30:20:031] [error] [server]: Invoice Sync Worker failed to start: logger is not defined
[2026-03-26 18:30:20:032] [info] [server]: Transaction Recovery Worker started
[2026-03-26 18:30:20:039] [error] [server]: [server] Compliance listeners failed:
[2026-03-26 18:30:20:040] [error] [server]: [server] Reconciliation scheduler failed:
[2026-03-26 18:30:20:046] [info] [server]: 🚀 Server running on port 3000
[2026-03-26 18:30:21:943] [info] [server]: Database connection test completed successfully
[2026-03-26 18:31:05:606] [info] [server]: [server] Blockchain transaction queue initialized
[2026-03-26 18:31:05:612] [error] [server]: Invoice Sync Worker failed to start: logger is not defined
[2026-03-26 18:31:05:613] [info] [server]: Transaction Recovery Worker started
[2026-03-26 18:31:05:620] [error] [server]: [server] Compliance listeners failed:
[2026-03-26 18:31:05:621] [error] [server]: [server] Reconciliation scheduler failed:
[2026-03-26 18:31:05:627] [info] [server]: 🚀 Server running on port 3000
[2026-03-26 18:31:07:276] [info] [server]: Database connection test completed successfully
[2026-03-26 18:31:35:840] [info] [recoveryService]: Processing 0 operations from recovery queue
[2026-03-26 18:40:18:023] [info] [server]: [server] Blockchain transaction queue initialized
[2026-03-26 18:40:18:028] [info] [escrowSyncService]: Starting Invoice Sync Worker...
[2026-03-26 18:40:18:028] [info] [server]: Invoice Sync Worker started
[2026-03-26 18:40:18:029] [info] [server]: Transaction Recovery Worker started
[2026-03-26 18:40:18:035] [info] [complianceListener]: [complianceListener] Compliance event listeners started successfully
[2026-03-26 18:40:18:036] [info] [server]: Compliance listeners started
[2026-03-26 18:40:18:037] [error] [server]: [server] Reconciliation scheduler failed:
[2026-03-26 18:40:18:042] [info] [server]: 🚀 Server running on port 3000
[2026-03-26 18:40:22:285] [info] [server]: Database connection test completed successfully
[2026-03-28 11:05:47:143] [info] [server]: [server] Blockchain transaction queue initialized
[2026-03-28 11:05:47:209] [info] [complianceListener]: [complianceListener] Compliance event listeners started successfully
[2026-03-28 11:05:47:164] [info] [escrowSyncService]: Starting Invoice Sync Worker...
[2026-03-28 11:05:47:171] [info] [server]: Invoice Sync Worker started
[2026-03-28 11:05:47:185] [info] [server]: Transaction Recovery Worker started
[2026-03-28 11:05:47:211] [info] [server]: Compliance listeners started
[2026-03-28 11:05:47:222] [info] [server]: [Server] Reconciliation scheduler started
[2026-03-28 11:05:47:233] [info] [server]: 🚀 Server running on port 3000
[2026-03-28 11:05:54:393] [info] [server]: Database connection test completed successfully
[2026-03-28 11:06:17:513] [info] [recoveryService]: Processing 0 operations from recovery queue
[2026-03-28 11:06:47:451] [info] [recoveryService]: Processing 0 operations from recovery queue
[2026-03-28 11:07:17:474] [info] [recoveryService]: Processing 0 operations from recovery queue
[2026-03-28 11:07:47:470] [info] [recoveryService]: Processing 0 operations from recovery queue
[2026-03-28 11:08:17:505] [info] [recoveryService]: Processing 0 operations from recovery queue
[2026-03-28 11:08:47:469] [info] [recoveryService]: Processing 0 operations from recovery queue
[2026-03-28 11:09:17:481] [info] [recoveryService]: Processing 0 operations from recovery queue
[2026-03-28 11:09:44:806] [error] [server]: Tokenization listener failed: exceeded maximum retry limit (request={  }, response={  }, error=null, info={ "requestUrl": "https://polygon-amoy.g.alchemy.com/v2/o1lr0Pt07dct7AF2TUNsd", "responseBody": null, "responseStatus": "599 CLIENT ESCALATED SERVER ERROR (429 Too Many Requests; exceeded maximum retry limit)" }, code=SERVER_ERROR, version=6.15.0)
[2026-03-28 11:09:47:488] [info] [recoveryService]: Processing 0 operations from recovery queue
[2026-03-28 11:10:17:491] [info] [recoveryService]: Processing 0 operations from recovery queue
[2026-03-28 11:10:29:026] [info] [server]: [server] Blockchain transaction queue initialized
[2026-03-28 11:10:29:041] [info] [complianceListener]: [complianceListener] Compliance event listeners started successfully
[2026-03-28 11:10:29:032] [info] [escrowSyncService]: Starting Invoice Sync Worker...
[2026-03-28 11:10:29:032] [info] [server]: Invoice Sync Worker started
[2026-03-28 11:10:29:033] [info] [server]: Transaction Recovery Worker started
[2026-03-28 11:10:29:042] [info] [server]: Compliance listeners started
[2026-03-28 11:10:29:046] [info] [server]: [Server] Reconciliation scheduler started
[2026-03-28 11:10:29:049] [info] [server]: 🚀 Server running on port 3000
[2026-03-28 11:10:30:829] [info] [server]: Database connection test completed successfully
[2026-03-28 11:10:59:277] [info] [recoveryService]: Processing 0 operations from recovery queue
[2026-03-28 11:11:29:312] [info] [recoveryService]: Processing 0 operations from recovery queue
[2026-03-28 11:11:35:274] [info] [server]: [server] Blockchain transaction queue initialized
[2026-03-28 11:11:35:287] [info] [complianceListener]: [complianceListener] Compliance event listeners started successfully
[2026-03-28 11:11:35:279] [info] [escrowSyncService]: Starting Invoice Sync Worker...
[2026-03-28 11:11:35:280] [info] [server]: Invoice Sync Worker started
[2026-03-28 11:11:35:281] [info] [server]: Transaction Recovery Worker started
[2026-03-28 11:11:35:288] [info] [server]: Compliance listeners started
[2026-03-28 11:11:35:290] [info] [server]: [Server] Reconciliation scheduler started
[2026-03-28 11:11:35:293] [info] [server]: 🚀 Server running on port 3000
[2026-03-28 11:11:37:349] [info] [server]: Database connection test completed successfully
[2026-03-28 11:12:05:578] [info] [recoveryService]: Processing 0 operations from recovery queue
[2026-03-28 11:12:35:586] [info] [recoveryService]: Processing 0 operations from recovery queue
[2026-04-05 12:21:55:578] [info] [server]: [server] Blockchain transaction queue initialized
[2026-04-05 12:21:55:592] [info] [complianceListener]: [complianceListener] Compliance event listeners started successfully
[2026-04-05 12:21:55:583] [info] [escrowSyncService]: Starting Invoice Sync Worker...
[2026-04-05 12:21:55:584] [info] [server]: Invoice Sync Worker started
[2026-04-05 12:21:55:585] [info] [server]: Transaction Recovery Worker started
[2026-04-05 12:21:55:593] [info] [server]: Compliance listeners started
[2026-04-05 12:21:55:596] [info] [server]: [Server] Reconciliation scheduler started
[2026-04-05 12:21:55:599] [info] [server]: 🚀 Server running on port 3000
[2026-04-05 12:21:57:548] [info] [server]: Database connection test completed successfully
[2026-04-05 12:21:58:710] [info] [server]: Tokenization listener started
[2026-04-05 12:22:25:842] [info] [recoveryService]: Processing 0 operations from recovery queue
[2026-04-05 12:22:55:856] [info] [recoveryService]: Processing 0 operations from recovery queue
[2026-04-05 12:23:25:925] [info] [recoveryService]: Processing 0 operations from recovery queue
[2026-04-05 12:23:55:939] [info] [recoveryService]: Processing 0 operations from recovery queue
[2026-04-05 12:24:25:866] [info] [recoveryService]: Processing 0 operations from recovery queue
[2026-04-05 12:24:55:870] [info] [recoveryService]: Processing 0 operations from recovery queue
[2026-04-05 12:25:25:878] [info] [recoveryService]: Processing 0 operations from recovery queue
[2026-04-05 12:25:33:442] [info] [request]: [3ccdd4c5-08f5-4588-975d-c02220fce9fe] GET /api/v1/notifications/subscriptions
[2026-04-05 12:25:33:451] [info] [request]: [bef58eec-e4db-41ee-b3a9-3d0513fab14f] GET /api/v1/notifications/push-preferences
[2026-04-05 12:25:34:064] [info] [request]: [8bcba66a-e792-49e7-9f39-3de31c1187ae] GET /api/v1/notifications/subscriptions
[2026-04-05 12:25:34:070] [info] [request]: [20cf3b4b-5a1f-449e-9936-1d872ac8c00d] GET /api/v1/notifications/push-preferences
[2026-04-05 12:25:49:896] [info] [request]: [4eaf40d0-f57b-412f-9658-3f81474c611e] POST /api/v1/auth/login
[2026-04-05 12:25:57:451] [info] [recoveryService]: Processing 0 operations from recovery queue
[2026-04-05 12:26:25:884] [info] [recoveryService]: Processing 0 operations from recovery queue
[2026-04-05 12:26:55:136] [error] [server]: Uncaught Exception: Cannot read properties of undefined (reading 'entries')
[2026-04-05 12:29:35:675] [info] [server]: [server] Blockchain transaction queue initialized
[2026-04-05 12:29:35:690] [info] [complianceListener]: [complianceListener] Compliance event listeners started successfully
[2026-04-05 12:29:35:681] [info] [escrowSyncService]: Starting Invoice Sync Worker...
[2026-04-05 12:29:35:682] [info] [server]: Invoice Sync Worker started
[2026-04-05 12:29:35:683] [info] [server]: Transaction Recovery Worker started
[2026-04-05 12:29:35:692] [info] [server]: Compliance listeners started
[2026-04-05 12:29:35:694] [info] [server]: [Server] Reconciliation scheduler started
[2026-04-05 12:29:35:699] [info] [server]: 🚀 Server running on port 3000
[2026-04-05 12:29:37:679] [info] [server]: Database connection test completed successfully
[2026-04-05 12:29:39:512] [info] [server]: Tokenization listener started
[2026-04-05 12:29:46:264] [info] [request]: [fd47e071-d4d7-43f2-a3cf-31b041c571b8] POST /api/v1/auth/login
[2026-04-05 12:30:08:069] [info] [recoveryService]: Processing 0 operations from recovery queue
[2026-04-05 12:30:35:940] [info] [recoveryService]: Processing 0 operations from recovery queue
[2026-04-05 12:31:05:998] [info] [recoveryService]: Processing 0 operations from recovery queue
[2026-04-05 12:31:35:961] [info] [recoveryService]: Processing 0 operations from recovery queue
[2026-04-05 12:32:05:971] [info] [recoveryService]: Processing 0 operations from recovery queue
[2026-04-05 12:32:35:985] [info] [recoveryService]: Processing 0 operations from recovery queue
[2026-04-05 12:33:05:995] [info] [recoveryService]: Processing 0 operations from recovery queue
[2026-04-05 12:33:36:007] [info] [recoveryService]: Processing 0 operations from recovery queue
[2026-04-05 12:34:06:004] [info] [recoveryService]: Processing 0 operations from recovery queue
[2026-04-05 12:34:35:336] [error] [server]: Uncaught Exception: Cannot read properties of undefined (reading 'entries')
[2026-04-05 12:47:41:473] [info] [server]: [server] Blockchain transaction queue initialized
[2026-04-05 12:47:41:491] [info] [complianceListener]: [complianceListener] Compliance event listeners started successfully
[2026-04-05 12:47:41:480] [info] [escrowSyncService]: Starting Invoice Sync Worker...
[2026-04-05 12:47:41:481] [info] [server]: Invoice Sync Worker started
[2026-04-05 12:47:41:482] [info] [server]: Transaction Recovery Worker started
[2026-04-05 12:47:41:493] [info] [server]: Compliance listeners started
[2026-04-05 12:47:41:496] [info] [server]: [Server] Reconciliation scheduler started
[2026-04-05 12:47:41:499] [info] [server]: 🚀 Server running on port 3000
[2026-04-05 12:47:43:884] [info] [server]: Database connection test completed successfully
[2026-04-05 12:47:45:242] [info] [server]: Tokenization listener started
[2026-04-05 12:48:00:362] [info] [server]: [server] Blockchain transaction queue initialized
[2026-04-05 12:48:00:375] [info] [complianceListener]: [complianceListener] Compliance event listeners started successfully
[2026-04-05 12:48:00:367] [info] [escrowSyncService]: Starting Invoice Sync Worker...
[2026-04-05 12:48:00:368] [info] [server]: Invoice Sync Worker started
[2026-04-05 12:48:00:369] [info] [server]: Transaction Recovery Worker started
[2026-04-05 12:48:00:376] [info] [server]: Compliance listeners started
[2026-04-05 12:48:00:378] [info] [server]: [Server] Reconciliation scheduler started
[2026-04-05 12:48:00:381] [info] [server]: 🚀 Server running on port 3000
[2026-04-05 12:48:02:348] [info] [server]: Database connection test completed successfully
[2026-04-05 12:48:04:121] [info] [server]: Tokenization listener started
[2026-04-05 12:48:26:551] [info] [server]: [server] Blockchain transaction queue initialized
[2026-04-05 12:48:26:564] [info] [complianceListener]: [complianceListener] Compliance event listeners started successfully
[2026-04-05 12:48:26:556] [info] [escrowSyncService]: Starting Invoice Sync Worker...
[2026-04-05 12:48:26:557] [info] [server]: Invoice Sync Worker started
[2026-04-05 12:48:26:558] [info] [server]: Transaction Recovery Worker started
[2026-04-05 12:48:26:565] [info] [server]: Compliance listeners started
[2026-04-05 12:48:26:567] [info] [server]: [Server] Reconciliation scheduler started
[2026-04-05 12:48:26:569] [info] [server]: 🚀 Server running on port 3000
[2026-04-05 12:48:28:468] [info] [server]: Database connection test completed successfully
[2026-04-05 12:48:29:768] [info] [server]: Tokenization listener started
[2026-04-05 12:48:40:655] [info] [server]: [server] Blockchain transaction queue initialized
[2026-04-05 12:48:40:674] [info] [complianceListener]: [complianceListener] Compliance event listeners started successfully
[2026-04-05 12:48:40:662] [info] [escrowSyncService]: Starting Invoice Sync Worker...
[2026-04-05 12:48:40:663] [info] [server]: Invoice Sync Worker started
[2026-04-05 12:48:40:664] [info] [server]: Transaction Recovery Worker started
[2026-04-05 12:48:40:675] [info] [server]: Compliance listeners started
[2026-04-05 12:48:40:678] [info] [server]: [Server] Reconciliation scheduler started
[2026-04-05 12:48:40:682] [info] [server]: 🚀 Server running on port 3000
[2026-04-05 12:48:43:331] [info] [server]: [server] Blockchain transaction queue initialized
[2026-04-05 12:48:43:355] [info] [complianceListener]: [complianceListener] Compliance event listeners started successfully
[2026-04-05 12:48:43:338] [info] [escrowSyncService]: Starting Invoice Sync Worker...
[2026-04-05 12:48:43:340] [info] [server]: Invoice Sync Worker started
[2026-04-05 12:48:43:342] [info] [server]: Transaction Recovery Worker started
[2026-04-05 12:48:43:357] [info] [server]: Compliance listeners started
[2026-04-05 12:48:43:362] [info] [server]: [Server] Reconciliation scheduler started
[2026-04-05 12:48:43:367] [info] [server]: 🚀 Server running on port 3000
[2026-04-05 12:48:45:189] [info] [server]: Database connection test completed successfully
[2026-04-05 12:48:46:460] [info] [server]: Tokenization listener started
[2026-04-05 12:49:13:603] [info] [recoveryService]: Processing 0 operations from recovery queue
[2026-04-05 12:49:42:409] [info] [server]: [server] Blockchain transaction queue initialized
[2026-04-05 12:49:42:423] [info] [complianceListener]: [complianceListener] Compliance event listeners started successfully
[2026-04-05 12:49:42:415] [info] [escrowSyncService]: Starting Invoice Sync Worker...
[2026-04-05 12:49:42:416] [info] [server]: Invoice Sync Worker started
[2026-04-05 12:49:42:417] [info] [server]: Transaction Recovery Worker started
[2026-04-05 12:49:42:424] [info] [server]: Compliance listeners started
[2026-04-05 12:49:42:427] [info] [server]: [Server] Reconciliation scheduler started
[2026-04-05 12:49:42:430] [info] [server]: 🚀 Server running on port 3000
[2026-04-05 12:49:45:110] [info] [server]: Database connection test completed successfully
[2026-04-05 12:49:46:173] [info] [server]: Tokenization listener started
[2026-04-05 12:49:53:474] [info] [request]: [2ebf8172-caa5-4130-92b0-8a5218f9ce60] POST /api/v1/auth/login
[2026-04-05 12:49:54:987] [info] [request]: [6b26e81c-84d3-4709-b1ba-018139a9124e] GET /api/v1/notifications/subscriptions
[2026-04-05 12:49:55:002] [info] [request]: [4b6717d6-d052-4626-946a-ceda1a7489fa] GET /api/v1/notifications/push-preferences
[2026-04-05 12:49:55:056] [info] [request]: [0b96795f-53c5-410b-9a47-babc7a0afbcb] GET /api/v1/kyc/status
[2026-04-05 12:49:55:068] [info] [request]: [3fb1af57-5b26-46be-bbb1-dcfb002bb211] GET /api/v1/invoices/buyer
[2026-04-05 12:49:57:289] [info] [request]: [659a17e7-8aed-44b4-b243-c59e44d372e4] GET /api/v1/notifications/subscriptions
[2026-04-05 12:49:58:508] [info] [request]: [3a3ff858-0ed3-4a1f-8914-1ef33d96eb2c] GET /api/v1/notifications/push-preferences
[2026-04-05 12:49:58:638] [info] [request]: [8d6af6e0-f078-4e2d-9cc9-dadd8cff362b] GET /api/v1/kyc/status
[2026-04-05 12:50:00:374] [info] [request]: [f96bb8d6-4f07-49dc-9aa1-be3fed2a753c] GET /api/v1/invoices/buyer
[2026-04-05 12:50:04:544] [info] [request]: [d4b76e51-4c30-45a7-976b-da881690a567] GET /api/v1/invoices/buyer
[2026-04-05 12:50:06:694] [info] [request]: [7a3d9762-029c-40a6-b1ca-0bc38374c1c0] GET /api/v1/notifications/subscriptions
[2026-04-05 12:50:06:703] [info] [request]: [2ec7b205-436b-4663-bcee-6554de40803c] GET /api/v1/notifications/push-preferences
[2026-04-05 12:50:06:740] [info] [request]: [20225ccc-bd38-42f8-ac2a-2764467e9fda] GET /api/v1/kyc/status
[2026-04-05 12:50:09:836] [info] [request]: [20c8ac97-1802-43be-9235-35c3569a4b51] GET /api/v1/invoices/buyer
[2026-04-05 12:50:10:389] [info] [request]: [603dda85-0b5d-4033-bfbc-392e12b351ed] GET /api/v1/notifications/push-preferences
[2026-04-05 12:50:10:396] [info] [request]: [9a2e77ea-97da-4bf4-b273-7ca86f106d4b] GET /api/v1/notifications/subscriptions
[2026-04-05 12:50:11:212] [info] [request]: [21178cd5-1fa5-4ccc-af1a-7d9bbd06ec26] GET /api/v1/kyc/status
[2026-04-05 12:50:14:198] [info] [recoveryService]: Processing 0 operations from recovery queue
[2026-04-05 12:50:14:195] [info] [request]: [66b64d2a-1453-4a02-bab4-f314064a2490] GET /api/v1/invoices/buyer
[2026-04-05 12:50:15:215] [info] [request]: [cd9ef0bb-700b-4f5d-bdc1-02452c732423] GET /api/v1/invoices/buyer
[2026-04-05 13:07:58:770] [info] [server]: [server] Blockchain transaction queue initialized
[2026-04-05 13:07:58:789] [info] [complianceListener]: [complianceListener] Compliance event listeners started successfully
[2026-04-05 13:07:58:777] [info] [escrowSyncService]: Starting Invoice Sync Worker...
[2026-04-05 13:07:58:778] [info] [server]: Invoice Sync Worker started
[2026-04-05 13:07:58:779] [info] [server]: Transaction Recovery Worker started
[2026-04-05 13:07:58:791] [info] [server]: Compliance listeners started
[2026-04-05 13:07:58:794] [info] [server]: [Server] Reconciliation scheduler started
[2026-04-05 13:07:58:799] [info] [server]: 🚀 Server running on port 3000
[2026-04-05 13:08:00:824] [info] [server]: Database connection test completed successfully
[2026-04-05 13:08:02:115] [info] [server]: Tokenization listener started
[2026-04-05 13:08:05:683] [info] [request]: [a405153c-8b58-43a8-b6a3-fd75b39be2a5] GET /api/v1/notifications/subscriptions
[2026-04-05 13:08:05:690] [info] [request]: [a26afb04-d9e8-4850-a267-99b807c06f0b] GET /api/v1/notifications/push-preferences
[2026-04-05 13:08:05:717] [info] [request]: [8b20288b-de45-4c0b-80cd-7dd94e812d28] GET /api/v1/kyc/status
[2026-04-05 13:08:05:724] [info] [request]: [8be77603-dc73-4a7c-94ed-31c7bfbe891a] GET /api/v1/invoices/buyer
[2026-04-05 13:08:09:683] [info] [request]: [bc4a7e68-65e1-44c1-ba29-6203c6a9c2aa] GET /api/v1/kyc/status
[2026-04-05 13:08:09:784] [info] [request]: [aa7dccd6-55db-4f6e-a264-2906483d78ad] GET /api/v1/notifications/subscriptions
[2026-04-05 13:08:09:972] [info] [request]: [7828dec0-b09e-4c73-b181-7f7a179621a2] GET /api/v1/notifications/push-preferences
[2026-04-05 13:08:11:269] [info] [request]: [8cb1132f-6844-42eb-b0ac-ec55f7bc97c1] GET /api/v1/invoices/buyer
[2026-04-05 13:08:15:324] [info] [request]: [7dbe8580-b91a-4592-94b8-a789bee8d8a9] GET /api/v1/invoices/buyer
[2026-04-05 13:08:29:030] [info] [recoveryService]: Processing 0 operations from recovery queue
[2026-04-05 13:08:59:063] [info] [recoveryService]: Processing 0 operations from recovery queue
[2026-04-05 13:09:29:171] [info] [recoveryService]: Processing 0 operations from recovery queue
[2026-04-05 13:09:59:072] [info] [recoveryService]: Processing 0 operations from recovery queue
[2026-04-05 13:10:29:051] [info] [recoveryService]: Processing 0 operations from recovery queue
[2026-04-05 13:10:59:079] [info] [recoveryService]: Processing 0 operations from recovery queue
[2026-04-05 13:11:29:089] [info] [recoveryService]: Processing 0 operations from recovery queue
[2026-04-05 13:11:59:067] [info] [recoveryService]: Processing 0 operations from recovery queue
[2026-04-05 13:12:29:092] [info] [recoveryService]: Processing 0 operations from recovery queue
[2026-04-05 13:12:58:400] [error] [server]: Uncaught Exception: Cannot read properties of undefined (reading 'entries')
[2026-04-05 13:22:46:766] [info] [server]: [server] Blockchain transaction queue initialized
[2026-04-05 13:22:46:782] [info] [complianceListener]: [complianceListener] Compliance event listeners started successfully
[2026-04-05 13:22:46:773] [info] [escrowSyncService]: Starting Invoice Sync Worker...
[2026-04-05 13:22:46:774] [info] [server]: Invoice Sync Worker started
[2026-04-05 13:22:46:775] [info] [server]: Transaction Recovery Worker started
[2026-04-05 13:22:46:784] [info] [server]: Compliance listeners started
[2026-04-05 13:22:46:786] [info] [server]: [Server] Reconciliation scheduler started
[2026-04-05 13:22:46:789] [info] [server]: 🚀 Server running on port 3000
[2026-04-05 13:22:48:735] [info] [server]: Database connection test completed successfully
[2026-04-05 13:22:51:499] [info] [server]: Tokenization listener started
[2026-04-05 13:22:59:061] [info] [request]: [8bb04815-1302-490d-b125-63d9cea7d5e6] GET /api/v1/notifications/subscriptions
[2026-04-05 13:22:59:074] [info] [request]: [feee8809-d85d-471c-bdc5-cb035ade6d13] GET /api/v1/notifications/push-preferences
[2026-04-05 13:22:59:095] [info] [request]: [fe3db89d-5021-46aa-944d-c38840ec10ed] GET /api/v1/kyc/status
[2026-04-05 13:22:59:103] [info] [request]: [0dd752ba-41de-47e4-92b5-116024d59455] GET /api/v1/invoices/buyer
[2026-04-05 13:22:59:893] [info] [request]: [27d0d40b-6bf8-4542-8fd0-5b64d221036a] GET /api/v1/notifications/push-preferences
[2026-04-05 13:22:59:914] [info] [request]: [bffe2e55-cb86-4704-b75b-092b6590f907] GET /api/v1/notifications/subscriptions
[2026-04-05 13:23:00:209] [info] [request]: [f2c22236-75ea-4deb-9732-48ea5049c32b] GET /api/v1/kyc/status
[2026-04-05 13:23:02:315] [info] [request]: [25b7d721-c695-49e3-9acd-5aeedbebea31] GET /api/v1/invoices/buyer
[2026-04-05 13:23:02:833] [info] [request]: [439ba660-170c-4c3b-8777-5759e9618c99] GET /api/v1/invoices/buyer
[2026-04-05 13:23:17:098] [info] [recoveryService]: Processing 0 operations from recovery queue
[2026-04-05 13:23:47:059] [info] [recoveryService]: Processing 0 operations from recovery queue
[2026-04-05 13:24:17:108] [info] [recoveryService]: Processing 0 operations from recovery queue
[2026-04-05 13:24:47:055] [info] [recoveryService]: Processing 0 operations from recovery queue
[2026-04-05 13:24:59:518] [info] [request]: [1f7101b7-2e3c-444e-b877-5a6a98b59bbc] GET /api/v1/notifications/subscriptions
[2026-04-05 13:24:59:526] [info] [request]: [b3fb7fb3-0ec0-4b6f-b67b-7be1522ed095] GET /api/v1/notifications/push-preferences
[2026-04-05 13:24:59:555] [info] [request]: [79707ad1-9197-439a-87ed-1bf4108b4327] GET /api/v1/kyc/status
[2026-04-05 13:24:59:567] [info] [request]: [ffde87e1-48df-4c11-ba2a-ac885dc2866d] GET /api/v1/invoices/buyer
[2026-04-05 13:25:00:051] [info] [request]: [7c10bc1c-2d1e-449c-8ade-8f349f36c754] GET /api/v1/invoices/buyer
[2026-04-05 13:25:00:057] [info] [request]: [ed2425e1-853f-4fec-8122-128e9a5b7e32] GET /api/v1/kyc/status
[2026-04-05 13:25:00:071] [info] [request]: [365ffa6a-53a2-4dc3-8006-a0d8528e05f4] GET /api/v1/notifications/push-preferences
[2026-04-05 13:25:00:076] [info] [request]: [4db14e3f-bcdb-4a2a-8201-f1ce6fa50f45] GET /api/v1/notifications/subscriptions
[2026-04-05 13:25:00:570] [info] [request]: [b8105e40-f510-4cb6-ad5f-48c1338b09bd] GET /api/v1/invoices/buyer
[2026-04-05 13:25:01:766] [info] [request]: [5cbca0b4-a007-46cf-be16-f86aba78d364] GET /api/v1/notifications/subscriptions
[2026-04-05 13:25:01:771] [info] [request]: [d3a665ef-267c-4c8a-9c36-8eeb7086131d] GET /api/v1/notifications/push-preferences
[2026-04-05 13:25:01:813] [info] [request]: [4a1c82f6-f112-4c7a-990a-5e014f33bb25] GET /api/v1/kyc/status
[2026-04-05 13:25:01:819] [info] [request]: [03e4b5b3-191a-4e5f-b850-2405cef5fe60] GET /api/v1/invoices/buyer
[2026-04-05 13:25:02:376] [info] [request]: [704b63aa-44cc-410d-b00f-4eabb1bca6ba] GET /api/v1/invoices/buyer
[2026-04-05 13:25:02:380] [info] [request]: [ff687e23-5495-4b65-bf30-e9fd01a7c03d] GET /api/v1/notifications/subscriptions
[2026-04-05 13:25:02:387] [info] [request]: [141b025d-d54d-4eef-8280-d3bb757016fc] GET /api/v1/notifications/push-preferences
[2026-04-05 13:25:02:682] [info] [request]: [36902544-8f09-4d5a-a974-e01bfee4a519] GET /api/v1/kyc/status
[2026-04-05 13:25:02:993] [info] [request]: [4ff071db-d173-403d-ba22-7860f3d8fb35] GET /api/v1/invoices/buyer
[2026-04-05 13:25:04:110] [info] [request]: [6aecf76f-f52f-4007-80e1-fc35ef716cec] GET /api/v1/notifications/subscriptions
[2026-04-05 13:25:04:118] [info] [request]: [c3a9da7f-b1ef-4a39-8835-7d90810d89aa] GET /api/v1/notifications/push-preferences
[2026-04-05 13:25:04:152] [info] [request]: [d942a0d1-cd08-48e4-a6b0-1690784647b5] GET /api/v1/kyc/status
[2026-04-05 13:25:04:158] [info] [request]: [7e6782fa-10db-4e8c-b715-57be588b16f1] GET /api/v1/invoices/buyer
[2026-04-05 13:25:04:630] [info] [request]: [4e6141d7-2bed-4137-a593-950dc993520e] GET /api/v1/invoices/buyer
[2026-04-05 13:25:04:638] [info] [request]: [870f7e50-a6de-420d-9dc0-61bb30832aa2] GET /api/v1/notifications/push-preferences
[2026-04-05 13:25:04:644] [info] [request]: [d7d0b8d6-e679-48b6-893c-ec6d76d277ae] GET /api/v1/kyc/status
[2026-04-05 13:25:04:650] [info] [request]: [567afa45-9a4e-4c1e-a4f8-5197b70c3620] GET /api/v1/notifications/subscriptions
[2026-04-05 13:25:05:102] [info] [request]: [785486ee-a9ca-46ae-96f1-97edd5abc346] GET /api/v1/invoices/buyer
[2026-04-05 13:25:17:116] [info] [recoveryService]: Processing 0 operations from recovery queue
[2026-04-05 13:25:47:123] [info] [recoveryService]: Processing 0 operations from recovery queue
[2026-04-05 13:26:17:125] [info] [recoveryService]: Processing 0 operations from recovery queue
[2026-04-05 13:26:34:085] [info] [request]: [130870f0-d280-410a-9c47-3bed88fa38fd] GET /api/v1/notifications/subscriptions
[2026-04-05 13:26:34:093] [info] [request]: [9e8268b7-e6fb-4b63-8a3c-0f12b3710167] GET /api/v1/notifications/push-preferences
[2026-04-05 13:26:34:144] [info] [request]: [01efad52-6244-48da-adcd-d8fa9a36060e] GET /api/v1/kyc/status
[2026-04-05 13:26:34:151] [info] [request]: [28c2b191-3fe2-4288-86b4-7ab3446a9074] GET /api/v1/invoices/buyer
[2026-04-05 13:26:34:579] [info] [request]: [7b8905f8-6d19-4008-9673-533a1694609f] GET /api/v1/notifications/push-preferences
[2026-04-05 13:26:34:593] [info] [request]: [375c4c4c-d868-4805-b11d-c31f14db149a] GET /api/v1/notifications/subscriptions
[2026-04-05 13:26:34:620] [info] [request]: [dfa06d46-d75d-47f3-9330-94bfbd2da68a] GET /api/v1/invoices/buyer
[2026-04-05 13:26:34:848] [info] [request]: [d179b12d-7d51-4ef4-a93a-74495795c06c] GET /api/v1/kyc/status
[2026-04-05 13:26:35:092] [info] [request]: [13bac1b7-8c79-437c-8e15-cca353429bf9] GET /api/v1/invoices/buyer
[2026-04-05 13:26:47:072] [info] [recoveryService]: Processing 0 operations from recovery queue
[2026-04-05 13:26:50:168] [info] [request]: [b7702e9d-7942-47d4-8b45-6edaadd76c40] GET /api/v1/invoices/buyer
[2026-04-05 13:26:51:209] [info] [request]: [698cad00-2e54-450a-9cba-1ee412111523] GET /api/v1/notifications/subscriptions
[2026-04-05 13:26:51:232] [info] [request]: [a9b60fe8-52bc-4ecc-9b4c-392f28ad50dd] GET /api/v1/notifications/push-preferences
[2026-04-05 13:26:51:293] [info] [request]: [62a86ef9-1b66-4b6f-924b-37155cb6feeb] GET /api/v1/invoices/buyer
[2026-04-05 13:26:51:299] [info] [request]: [19c8cee9-45f8-420c-b2c6-78af611fa0f6] GET /api/v1/kyc/status
[2026-04-05 13:26:51:714] [info] [request]: [7b73879d-51b5-434a-9936-e6c12af0dae0] GET /api/v1/notifications/subscriptions
[2026-04-05 13:26:51:740] [info] [request]: [31a913e9-9e76-4116-b657-7f598e3b40ac] GET /api/v1/notifications/push-preferences
[2026-04-05 13:26:51:775] [info] [request]: [a9bd0bce-6ac1-4c6f-a859-0ef931f62e11] GET /api/v1/invoices/buyer
[2026-04-05 13:26:51:994] [info] [request]: [03233faa-ab79-4f5d-9c8b-d9864efe9ab2] GET /api/v1/kyc/status
[2026-04-05 13:26:52:256] [info] [request]: [745327da-bbe9-426c-b2fa-245b0125e02d] GET /api/v1/invoices/buyer
[2026-04-05 13:27:07:243] [info] [request]: [35a1b727-ea59-4167-8cb7-95e1f9b63636] GET /api/v1/notifications/vapid-key
[2026-04-05 13:27:17:096] [info] [recoveryService]: Processing 0 operations from recovery queue
[2026-04-05 13:27:26:439] [info] [request]: [87dad5f6-2232-4d31-b59d-9d2c5f722cef] GET /api/v1/notifications/subscriptions
[2026-04-05 13:27:26:448] [info] [request]: [39d6c264-dec5-4bb3-8077-47cbe1483cec] GET /api/v1/notifications/push-preferences
[2026-04-05 13:27:26:484] [info] [request]: [481b0d57-662c-4a07-a047-5fca8faaa492] GET /api/v1/kyc/status
[2026-04-05 13:27:26:499] [info] [request]: [b0775e58-a011-49cc-be18-f0097805c591] GET /api/v1/invoices/buyer
[2026-04-05 13:27:26:959] [info] [request]: [ff0f7f51-eefd-40a1-8a60-43e2bc24773a] GET /api/v1/notifications/push-preferences
[2026-04-05 13:27:26:967] [info] [request]: [e978115d-a749-46bc-b67b-01398dc3265f] GET /api/v1/notifications/subscriptions
[2026-04-05 13:27:26:981] [info] [request]: [e7efeb75-204b-4dd9-aebc-8872dde27138] GET /api/v1/invoices/buyer
[2026-04-05 13:27:27:234] [info] [request]: [cb2785e5-a68f-4453-8907-e5bf5878a3a2] GET /api/v1/kyc/status
[2026-04-05 13:27:27:468] [info] [request]: [8e74c985-5a54-47e3-954b-335f7dd95ec2] GET /api/v1/invoices/buyer
[2026-04-05 13:27:30:492] [info] [request]: [20bd9966-7850-4f8e-9283-84dcd2dc03f4] GET /api/v1/notifications/vapid-key
[2026-04-05 13:27:46:373] [error] [server]: Uncaught Exception: Cannot read properties of undefined (reading 'entries')
[2026-04-05 13:30:25:136] [info] [server]: [server] Blockchain transaction queue initialized
[2026-04-05 13:30:25:150] [info] [complianceListener]: [complianceListener] Compliance event listeners started successfully
[2026-04-05 13:30:25:142] [info] [escrowSyncService]: Starting Invoice Sync Worker...
[2026-04-05 13:30:25:143] [info] [server]: Invoice Sync Worker started
[2026-04-05 13:30:25:144] [info] [server]: Transaction Recovery Worker started
[2026-04-05 13:30:25:151] [info] [server]: Compliance listeners started
[2026-04-05 13:30:25:153] [info] [server]: [Server] Reconciliation scheduler started
[2026-04-05 13:30:25:157] [info] [server]: 🚀 Server running on port 3000
[2026-04-05 13:30:27:778] [info] [server]: Database connection test completed successfully
[2026-04-05 13:30:29:104] [info] [server]: Tokenization listener started
[2026-04-05 13:30:55:455] [info] [recoveryService]: Processing 0 operations from recovery queue
[2026-04-05 13:31:01:336] [info] [request]: [04cfdd4c-ae3e-46b3-ad20-d1afa9e37e16] GET /api/v1/notifications/subscriptions
[2026-04-05 13:31:01:343] [info] [request]: [170b675d-7877-489f-b226-084053ab6253] GET /api/v1/notifications/push-preferences
[2026-04-05 13:31:01:379] [info] [request]: [8a7584f9-b346-4b20-83e0-c8599b50d155] GET /api/v1/kyc/status
[2026-04-05 13:31:01:387] [info] [request]: [8f496f66-d8ae-46e8-bbe0-f44b8a2790fe] GET /api/v1/invoices/buyer
[2026-04-05 13:31:02:233] [info] [request]: [8ffbadf0-95bf-475f-a2cb-0c2beb57e142] GET /api/v1/invoices/buyer
[2026-04-05 13:31:02:238] [info] [request]: [88f6bc4b-8d31-44c1-9cf4-03aa9aed7291] GET /api/v1/notifications/subscriptions
[2026-04-05 13:31:02:243] [info] [request]: [355234ab-1a7d-4679-89c6-f49602c47e2e] GET /api/v1/notifications/push-preferences
[2026-04-05 13:31:02:526] [info] [request]: [b530477e-9275-4967-8627-5c0ce5cda8d0] GET /api/v1/kyc/status
[2026-04-05 13:31:02:832] [info] [request]: [a1488dd3-1fc3-4064-aded-096694506856] GET /api/v1/invoices/buyer
[2026-04-05 13:31:25:425] [info] [request]: [07012567-b450-485a-ac46-5f7bc87f3eef] GET /api/v1/notifications/subscriptions
[2026-04-05 13:31:25:439] [info] [recoveryService]: Processing 0 operations from recovery queue
[2026-04-05 13:31:25:432] [info] [request]: [4b8fa67f-b566-47dc-a79f-450df852b4fb] GET /api/v1/notifications/push-preferences
[2026-04-05 13:31:25:480] [info] [request]: [a33595ba-ccea-4960-b352-32bcf02b57fd] GET /api/v1/kyc/status
[2026-04-05 13:31:25:490] [info] [request]: [a56b40c6-f6ea-446b-ae29-20976f90417d] GET /api/v1/invoices/buyer
[2026-04-05 13:31:25:961] [info] [request]: [34951bd4-3e26-4250-bfae-b6ba877f0c1a] GET /api/v1/notifications/push-preferences
[2026-04-05 13:31:25:983] [info] [request]: [91d6a11d-3af6-483d-8bcd-3ba2668636a1] GET /api/v1/notifications/subscriptions
[2026-04-05 13:31:27:618] [info] [request]: [77ea012a-861c-4db8-a0db-d9265d4b7007] GET /api/v1/invoices/buyer
[2026-04-05 13:31:27:926] [info] [request]: [c9fb5523-533a-4ada-a610-3790e1f9dbf7] GET /api/v1/kyc/status
[2026-04-05 13:31:28:178] [info] [request]: [eabbe99d-9468-41cf-a31a-55a8b7daf538] GET /api/v1/invoices/buyer
[2026-04-05 13:31:38:050] [info] [request]: [44eed753-619e-4bda-85fc-7b6c90abbe9f] GET /api/v1/notifications/vapid-key
[2026-04-05 13:31:55:463] [info] [recoveryService]: Processing 0 operations from recovery queue
[2026-04-05 13:32:25:433] [info] [recoveryService]: Processing 0 operations from recovery queue
[2026-04-05 13:32:55:442] [info] [recoveryService]: Processing 0 operations from recovery queue
[2026-04-05 13:33:25:476] [info] [recoveryService]: Processing 0 operations from recovery queue
[2026-04-05 13:33:55:462] [info] [recoveryService]: Processing 0 operations from recovery queue
[2026-04-05 13:34:25:590] [info] [recoveryService]: Processing 0 operations from recovery queue
[2026-04-05 13:34:55:478] [info] [recoveryService]: Processing 0 operations from recovery queue
[2026-04-05 13:35:24:905] [error] [server]: Uncaught Exception: Cannot read properties of undefined (reading 'entries')
[2026-04-05 13:39:24:308] [info] [server]: [server] Blockchain transaction queue initialized
[2026-04-05 13:39:24:321] [info] [complianceListener]: [complianceListener] Compliance event listeners started successfully
[2026-04-05 13:39:24:313] [info] [escrowSyncService]: Starting Invoice Sync Worker...
[2026-04-05 13:39:24:314] [info] [server]: Invoice Sync Worker started
[2026-04-05 13:39:24:315] [info] [server]: Transaction Recovery Worker started
[2026-04-05 13:39:24:322] [info] [server]: Compliance listeners started
[2026-04-05 13:39:24:324] [info] [server]: [Server] Reconciliation scheduler started
[2026-04-05 13:39:24:327] [info] [server]: 🚀 Server running on port 3000
[2026-04-05 13:39:26:371] [info] [server]: Database connection test completed successfully
[2026-04-05 13:39:27:977] [info] [server]: Tokenization listener started
[2026-04-05 13:39:37:700] [info] [request]: [3c4f9542-06a0-459a-b261-f49b3b6cac35] GET /api/v1/notifications/subscriptions
[2026-04-05 13:39:37:710] [info] [request]: [db4ed8ad-cc2f-42c8-980b-623ea77ad512] GET /api/v1/notifications/push-preferences
[2026-04-05 13:39:37:748] [info] [request]: [a5e037fe-8cf2-44a6-9eb5-587a3818f353] GET /api/v1/kyc/status
[2026-04-05 13:39:37:756] [info] [request]: [365402ba-7988-44f0-b0b3-c14e25681319] GET /api/v1/invoices/buyer
[2026-04-05 13:39:38:486] [info] [request]: [5a60f7ce-21ea-440b-a275-db91b07b4efb] GET /api/v1/notifications/push-preferences
[2026-04-05 13:39:38:524] [info] [request]: [addc875f-0268-4847-9deb-21e0351b301f] GET /api/v1/notifications/subscriptions
[2026-04-05 13:39:38:772] [info] [request]: [076d70f5-26f0-4c5b-aff2-d78ba81eab02] GET /api/v1/kyc/status
[2026-04-05 13:39:40:422] [info] [request]: [5341988e-4f08-4ae2-a7fc-ff1fe0a7058d] GET /api/v1/invoices/buyer
[2026-04-05 13:39:40:903] [info] [request]: [7aef8876-4ea7-48b8-a30a-72301cc81cdc] GET /api/v1/invoices/buyer
[2026-04-05 13:39:54:613] [info] [recoveryService]: Processing 0 operations from recovery queue
[2026-04-05 13:39:55:403] [info] [request]: [56eeb4f8-e467-447e-887b-07dc53e45c64] GET /api/v1/notifications/subscriptions
[2026-04-05 13:39:55:410] [info] [request]: [d264bd69-df1a-44e1-8d85-f230af7069b3] GET /api/v1/notifications/push-preferences
[2026-04-05 13:39:55:468] [info] [request]: [3d687426-dddf-47a8-81fd-66a728b46c1d] GET /api/v1/kyc/status
[2026-04-05 13:39:55:475] [info] [request]: [bed87984-1199-4a50-9fdf-da070d26ce15] GET /api/v1/invoices/buyer
[2026-04-05 13:39:55:947] [info] [request]: [8fc341b4-15c0-4cd3-8621-264a02ccdbe8] GET /api/v1/notifications/push-preferences
[2026-04-05 13:39:55:952] [info] [request]: [a8dc8a57-6da1-4e61-ba33-d9663ad4eccd] GET /api/v1/notifications/subscriptions
[2026-04-05 13:39:56:046] [info] [request]: [28b628fa-0dc7-43ac-b29a-8bc6bfca127e] GET /api/v1/invoices/buyer
[2026-04-05 13:39:56:175] [info] [request]: [c46c3e89-0141-4c52-89aa-da7fe0b8f17f] GET /api/v1/kyc/status
[2026-04-05 13:39:56:638] [info] [request]: [c2287f88-2b69-49b4-98d2-ecf38b1fbae0] GET /api/v1/invoices/buyer
[2026-04-05 13:40:02:197] [info] [request]: [a529e020-560c-431f-9577-7bd393b1bb2f] GET /api/v1/notifications/vapid-key
[2026-04-05 13:40:24:612] [info] [recoveryService]: Processing 0 operations from recovery queue
[2026-04-05 13:40:50:214] [info] [request]: [7806ddfd-b4d3-41f4-ae01-4ac224d1eafd] GET /api/v1/notifications/subscriptions
[2026-04-05 13:40:50:232] [info] [request]: [4c176f0d-cdaa-4dd9-976e-cf930dfea777] GET /api/v1/notifications/push-preferences
[2026-04-05 13:40:50:276] [info] [request]: [c4afd905-e41c-4915-80fc-3be49d310a62] GET /api/v1/kyc/status
[2026-04-05 13:40:50:285] [info] [request]: [0e958fdf-40b8-49e2-bd56-e3dc3064bd09] GET /api/v1/invoices/buyer
[2026-04-05 13:40:50:728] [info] [request]: [1943ee9f-94ae-4674-89ef-ee087ed0fdd3] GET /api/v1/notifications/subscriptions
[2026-04-05 13:40:50:740] [info] [request]: [15af519f-012d-4261-8f57-6860a81f1c45] GET /api/v1/notifications/push-preferences
[2026-04-05 13:40:50:758] [info] [request]: [70823311-3aa5-4584-85df-c7288d967444] GET /api/v1/invoices/buyer
[2026-04-05 13:40:51:040] [info] [request]: [cd484e79-c448-4b29-937a-99ae1b6de85f] GET /api/v1/kyc/status
[2026-04-05 13:40:51:277] [info] [request]: [62f8d686-0ebd-4870-9337-964f82e91e2e] GET /api/v1/invoices/buyer
[2026-04-05 13:40:54:576] [info] [recoveryService]: Processing 0 operations from recovery queue
